{"C:\\Users\\mahmo\\Downloads\\sec 1 nodejs (3)\\sec 1 nodejs (2)\\sec 1 nodejs\\sec 1 nodejs\\app.js": {"path":"C:\\Users\\mahmo\\Downloads\\sec 1 nodejs (3)\\sec 1 nodejs (2)\\sec 1 nodejs\\sec 1 nodejs\\app.js","statementMap":{"0":{"start":{"line":1,"column":10},"end":{"line":1,"column":28}},"1":{"start":{"line":2,"column":17},"end":{"line":2,"column":35}},"2":{"start":{"line":3,"column":14},"end":{"line":3,"column":39}},"3":{"start":{"line":4,"column":12},"end":{"line":4,"column":21}},"4":{"start":{"line":5,"column":13},"end":{"line":5,"column":28}},"5":{"start":{"line":6,"column":12},"end":{"line":6,"column":42}},"6":{"start":{"line":7,"column":16},"end":{"line":7,"column":46}},"7":{"start":{"line":8,"column":11},"end":{"line":8,"column":26}},"8":{"start":{"line":9,"column":15},"end":{"line":9,"column":34}},"9":{"start":{"line":10,"column":19},"end":{"line":10,"column":50}},"10":{"start":{"line":11,"column":19},"end":{"line":11,"column":52}},"11":{"start":{"line":12,"column":10},"end":{"line":12,"column":31}},"12":{"start":{"line":13,"column":0},"end":{"line":13,"column":25}},"13":{"start":{"line":21,"column":0},"end":{"line":21,"column":55}},"14":{"start":{"line":24,"column":0},"end":{"line":28,"column":2}},"15":{"start":{"line":27,"column":4},"end":{"line":27,"column":61}},"16":{"start":{"line":33,"column":0},"end":{"line":33,"column":24}},"17":{"start":{"line":35,"column":0},"end":{"line":37,"column":2}},"18":{"start":{"line":36,"column":4},"end":{"line":36,"column":47}},"19":{"start":{"line":39,"column":0},"end":{"line":39,"column":24}},"20":{"start":{"line":40,"column":0},"end":{"line":40,"column":28}},"21":{"start":{"line":41,"column":0},"end":{"line":41,"column":33}},"22":{"start":{"line":42,"column":0},"end":{"line":42,"column":22}},"23":{"start":{"line":45,"column":0},"end":{"line":47,"column":2}},"24":{"start":{"line":46,"column":4},"end":{"line":46,"column":30}},"25":{"start":{"line":49,"column":0},"end":{"line":52,"column":2}},"26":{"start":{"line":51,"column":4},"end":{"line":51,"column":31}},"27":{"start":{"line":63,"column":0},"end":{"line":66,"column":2}},"28":{"start":{"line":64,"column":4},"end":{"line":64,"column":40}},"29":{"start":{"line":67,"column":0},"end":{"line":67,"column":18}}},"fnMap":{"0":{"name":"(anonymous_0)","decl":{"start":{"line":24,"column":12},"end":{"line":24,"column":13}},"loc":{"start":{"line":24,"column":23},"end":{"line":28,"column":1}},"line":24},"1":{"name":"(anonymous_1)","decl":{"start":{"line":35,"column":18},"end":{"line":35,"column":19}},"loc":{"start":{"line":35,"column":22},"end":{"line":37,"column":1}},"line":35},"2":{"name":"(anonymous_2)","decl":{"start":{"line":45,"column":13},"end":{"line":45,"column":14}},"loc":{"start":{"line":45,"column":24},"end":{"line":47,"column":1}},"line":45},"3":{"name":"(anonymous_3)","decl":{"start":{"line":49,"column":18},"end":{"line":49,"column":19}},"loc":{"start":{"line":49,"column":29},"end":{"line":52,"column":1}},"line":49},"4":{"name":"(anonymous_4)","decl":{"start":{"line":63,"column":16},"end":{"line":63,"column":17}},"loc":{"start":{"line":63,"column":20},"end":{"line":66,"column":1}},"line":63}},"branchMap":{},"s":{"0":1,"1":1,"2":1,"3":1,"4":1,"5":1,"6":1,"7":1,"8":1,"9":1,"10":1,"11":1,"12":1,"13":1,"14":1,"15":0,"16":1,"17":1,"18":0,"19":1,"20":1,"21":1,"22":1,"23":1,"24":0,"25":1,"26":0,"27":1,"28":1,"29":1},"f":{"0":0,"1":0,"2":0,"3":0,"4":1},"b":{},"_coverageSchema":"1a1c01bbd47fc00a2c39e90264f33305004495a9","hash":"30956984ef895f161a5e3311f87e3acd88331173"}
,"C:\\Users\\mahmo\\Downloads\\sec 1 nodejs (3)\\sec 1 nodejs (2)\\sec 1 nodejs\\sec 1 nodejs\\models\\Rooms.js": {"path":"C:\\Users\\mahmo\\Downloads\\sec 1 nodejs (3)\\sec 1 nodejs (2)\\sec 1 nodejs\\sec 1 nodejs\\models\\Rooms.js","statementMap":{"0":{"start":{"line":1,"column":16},"end":{"line":1,"column":34}},"1":{"start":{"line":2,"column":12},"end":{"line":2,"column":21}},"2":{"start":{"line":3,"column":16},"end":{"line":3,"column":35}},"3":{"start":{"line":4,"column":14},"end":{"line":30,"column":2}},"4":{"start":{"line":32,"column":0},"end":{"line":32,"column":47}}},"fnMap":{},"branchMap":{},"s":{"0":1,"1":1,"2":1,"3":1,"4":1},"f":{},"b":{},"_coverageSchema":"1a1c01bbd47fc00a2c39e90264f33305004495a9","hash":"292f7045faf3096c14fed682e0546d08d2085e0e"}
,"C:\\Users\\mahmo\\Downloads\\sec 1 nodejs (3)\\sec 1 nodejs (2)\\sec 1 nodejs\\sec 1 nodejs\\models\\booking-Room.js": {"path":"C:\\Users\\mahmo\\Downloads\\sec 1 nodejs (3)\\sec 1 nodejs (2)\\sec 1 nodejs\\sec 1 nodejs\\models\\booking-Room.js","statementMap":{"0":{"start":{"line":1,"column":17},"end":{"line":1,"column":36}},"1":{"start":{"line":3,"column":26},"end":{"line":22,"column":2}},"2":{"start":{"line":24,"column":0},"end":{"line":24,"column":66}}},"fnMap":{},"branchMap":{},"s":{"0":1,"1":1,"2":1},"f":{},"b":{},"_coverageSchema":"1a1c01bbd47fc00a2c39e90264f33305004495a9","hash":"d13165323cb02ac5cf094190104a2ab4cd1f461e"}
,"C:\\Users\\mahmo\\Downloads\\sec 1 nodejs (3)\\sec 1 nodejs (2)\\sec 1 nodejs\\sec 1 nodejs\\models\\booking.js": {"path":"C:\\Users\\mahmo\\Downloads\\sec 1 nodejs (3)\\sec 1 nodejs (2)\\sec 1 nodejs\\sec 1 nodejs\\models\\booking.js","statementMap":{"0":{"start":{"line":1,"column":17},"end":{"line":1,"column":36}},"1":{"start":{"line":3,"column":22},"end":{"line":29,"column":2}},"2":{"start":{"line":31,"column":0},"end":{"line":33,"column":3}},"3":{"start":{"line":32,"column":4},"end":{"line":32,"column":34}},"4":{"start":{"line":35,"column":0},"end":{"line":37,"column":3}},"5":{"start":{"line":40,"column":0},"end":{"line":40,"column":58}}},"fnMap":{"0":{"name":"(anonymous_0)","decl":{"start":{"line":31,"column":32},"end":{"line":31,"column":33}},"loc":{"start":{"line":31,"column":44},"end":{"line":33,"column":1}},"line":31}},"branchMap":{},"s":{"0":1,"1":1,"2":1,"3":0,"4":1,"5":1},"f":{"0":0},"b":{},"_coverageSchema":"1a1c01bbd47fc00a2c39e90264f33305004495a9","hash":"fb0b6ce41f06c9ed8e1d366e7f2018d88df16c66"}
,"C:\\Users\\mahmo\\Downloads\\sec 1 nodejs (3)\\sec 1 nodejs (2)\\sec 1 nodejs\\sec 1 nodejs\\models\\users.js": {"path":"C:\\Users\\mahmo\\Downloads\\sec 1 nodejs (3)\\sec 1 nodejs (2)\\sec 1 nodejs\\sec 1 nodejs\\models\\users.js","statementMap":{"0":{"start":{"line":1,"column":16},"end":{"line":1,"column":35}},"1":{"start":{"line":3,"column":17},"end":{"line":25,"column":2}},"2":{"start":{"line":27,"column":0},"end":{"line":27,"column":52}}},"fnMap":{},"branchMap":{},"s":{"0":1,"1":1,"2":1},"f":{},"b":{},"_coverageSchema":"1a1c01bbd47fc00a2c39e90264f33305004495a9","hash":"b31ef751cdb4155b544b2e4c3ce2eeba40efc8a7"}
,"C:\\Users\\mahmo\\Downloads\\sec 1 nodejs (3)\\sec 1 nodejs (2)\\sec 1 nodejs\\sec 1 nodejs\\routes\\bookingRoutes.js": {"path":"C:\\Users\\mahmo\\Downloads\\sec 1 nodejs (3)\\sec 1 nodejs (2)\\sec 1 nodejs\\sec 1 nodejs\\routes\\bookingRoutes.js","statementMap":{"0":{"start":{"line":1,"column":16},"end":{"line":1,"column":34}},"1":{"start":{"line":2,"column":16},"end":{"line":2,"column":44}},"2":{"start":{"line":3,"column":15},"end":{"line":3,"column":31}},"3":{"start":{"line":4,"column":20},"end":{"line":4,"column":53}},"4":{"start":{"line":5,"column":17},"end":{"line":5,"column":36}},"5":{"start":{"line":6,"column":12},"end":{"line":6,"column":34}},"6":{"start":{"line":7,"column":12},"end":{"line":7,"column":39}},"7":{"start":{"line":10,"column":0},"end":{"line":25,"column":3}},"8":{"start":{"line":11,"column":4},"end":{"line":24,"column":5}},"9":{"start":{"line":12,"column":28},"end":{"line":15,"column":39}},"10":{"start":{"line":17,"column":8},"end":{"line":21,"column":9}},"11":{"start":{"line":18,"column":12},"end":{"line":18,"column":37}},"12":{"start":{"line":20,"column":12},"end":{"line":20,"column":46}},"13":{"start":{"line":23,"column":8},"end":{"line":23,"column":18}},"14":{"start":{"line":28,"column":0},"end":{"line":116,"column":3}},"15":{"start":{"line":29,"column":4},"end":{"line":115,"column":5}},"16":{"start":{"line":30,"column":24},"end":{"line":32,"column":10}},"17":{"start":{"line":34,"column":8},"end":{"line":112,"column":9}},"18":{"start":{"line":35,"column":36},"end":{"line":46,"column":13}},"19":{"start":{"line":37,"column":41},"end":{"line":41,"column":22}},"20":{"start":{"line":43,"column":20},"end":{"line":43,"column":65}},"21":{"start":{"line":44,"column":20},"end":{"line":44,"column":46}},"22":{"start":{"line":48,"column":32},"end":{"line":52,"column":15}},"23":{"start":{"line":49,"column":36},"end":{"line":49,"column":104}},"24":{"start":{"line":50,"column":35},"end":{"line":50,"column":82}},"25":{"start":{"line":51,"column":16},"end":{"line":51,"column":34}},"26":{"start":{"line":54,"column":31},"end":{"line":54,"column":47}},"27":{"start":{"line":56,"column":29},"end":{"line":62,"column":14}},"28":{"start":{"line":64,"column":12},"end":{"line":64,"column":49}},"29":{"start":{"line":66,"column":12},"end":{"line":68,"column":13}},"30":{"start":{"line":67,"column":16},"end":{"line":67,"column":75}},"31":{"start":{"line":70,"column":12},"end":{"line":70,"column":45}},"32":{"start":{"line":72,"column":36},"end":{"line":91,"column":13}},"33":{"start":{"line":74,"column":35},"end":{"line":74,"column":109}},"34":{"start":{"line":76,"column":20},"end":{"line":89,"column":21}},"35":{"start":{"line":77,"column":45},"end":{"line":81,"column":26}},"36":{"start":{"line":83,"column":24},"end":{"line":83,"column":69}},"37":{"start":{"line":84,"column":24},"end":{"line":84,"column":61}},"38":{"start":{"line":86,"column":24},"end":{"line":86,"column":62}},"39":{"start":{"line":87,"column":24},"end":{"line":87,"column":46}},"40":{"start":{"line":88,"column":24},"end":{"line":88,"column":55}},"41":{"start":{"line":94,"column":12},"end":{"line":96,"column":13}},"42":{"start":{"line":95,"column":16},"end":{"line":95,"column":75}},"43":{"start":{"line":98,"column":12},"end":{"line":98,"column":115}},"44":{"start":{"line":98,"column":71},"end":{"line":98,"column":113}},"45":{"start":{"line":99,"column":12},"end":{"line":99,"column":58}},"46":{"start":{"line":101,"column":32},"end":{"line":105,"column":15}},"47":{"start":{"line":102,"column":36},"end":{"line":102,"column":103}},"48":{"start":{"line":103,"column":35},"end":{"line":103,"column":82}},"49":{"start":{"line":104,"column":16},"end":{"line":104,"column":34}},"50":{"start":{"line":107,"column":31},"end":{"line":107,"column":47}},"51":{"start":{"line":108,"column":12},"end":{"line":108,"column":44}},"52":{"start":{"line":110,"column":12},"end":{"line":110,"column":33}},"53":{"start":{"line":111,"column":12},"end":{"line":111,"column":42}},"54":{"start":{"line":114,"column":8},"end":{"line":114,"column":18}},"55":{"start":{"line":119,"column":0},"end":{"line":130,"column":3}},"56":{"start":{"line":120,"column":4},"end":{"line":129,"column":5}},"57":{"start":{"line":121,"column":24},"end":{"line":121,"column":114}},"58":{"start":{"line":122,"column":8},"end":{"line":126,"column":9}},"59":{"start":{"line":123,"column":12},"end":{"line":123,"column":66}},"60":{"start":{"line":125,"column":12},"end":{"line":125,"column":30}},"61":{"start":{"line":128,"column":8},"end":{"line":128,"column":18}},"62":{"start":{"line":133,"column":0},"end":{"line":148,"column":3}},"63":{"start":{"line":134,"column":4},"end":{"line":147,"column":5}},"64":{"start":{"line":135,"column":28},"end":{"line":138,"column":39}},"65":{"start":{"line":140,"column":8},"end":{"line":144,"column":9}},"66":{"start":{"line":141,"column":12},"end":{"line":141,"column":54}},"67":{"start":{"line":143,"column":12},"end":{"line":143,"column":46}},"68":{"start":{"line":146,"column":8},"end":{"line":146,"column":18}},"69":{"start":{"line":151,"column":0},"end":{"line":198,"column":3}},"70":{"start":{"line":152,"column":4},"end":{"line":197,"column":5}},"71":{"start":{"line":153,"column":22},"end":{"line":153,"column":68}},"72":{"start":{"line":155,"column":8},"end":{"line":157,"column":9}},"73":{"start":{"line":156,"column":12},"end":{"line":156,"column":61}},"74":{"start":{"line":159,"column":32},"end":{"line":171,"column":9}},"75":{"start":{"line":161,"column":31},"end":{"line":161,"column":105}},"76":{"start":{"line":163,"column":16},"end":{"line":169,"column":17}},"77":{"start":{"line":164,"column":20},"end":{"line":164,"column":64}},"78":{"start":{"line":166,"column":20},"end":{"line":166,"column":58}},"79":{"start":{"line":167,"column":20},"end":{"line":167,"column":42}},"80":{"start":{"line":168,"column":20},"end":{"line":168,"column":51}},"81":{"start":{"line":174,"column":8},"end":{"line":176,"column":9}},"82":{"start":{"line":175,"column":12},"end":{"line":175,"column":71}},"83":{"start":{"line":179,"column":8},"end":{"line":179,"column":111}},"84":{"start":{"line":179,"column":67},"end":{"line":179,"column":109}},"85":{"start":{"line":180,"column":8},"end":{"line":180,"column":54}},"86":{"start":{"line":183,"column":28},"end":{"line":187,"column":11}},"87":{"start":{"line":184,"column":32},"end":{"line":184,"column":99}},"88":{"start":{"line":185,"column":31},"end":{"line":185,"column":78}},"89":{"start":{"line":186,"column":12},"end":{"line":186,"column":30}},"90":{"start":{"line":189,"column":27},"end":{"line":189,"column":43}},"91":{"start":{"line":190,"column":8},"end":{"line":190,"column":40}},"92":{"start":{"line":192,"column":8},"end":{"line":192,"column":29}},"93":{"start":{"line":193,"column":8},"end":{"line":193,"column":38}},"94":{"start":{"line":196,"column":8},"end":{"line":196,"column":18}},"95":{"start":{"line":200,"column":0},"end":{"line":200,"column":24}}},"fnMap":{"0":{"name":"(anonymous_0)","decl":{"start":{"line":10,"column":16},"end":{"line":10,"column":17}},"loc":{"start":{"line":10,"column":42},"end":{"line":25,"column":1}},"line":10},"1":{"name":"(anonymous_1)","decl":{"start":{"line":28,"column":17},"end":{"line":28,"column":18}},"loc":{"start":{"line":28,"column":43},"end":{"line":116,"column":1}},"line":28},"2":{"name":"(anonymous_2)","decl":{"start":{"line":36,"column":42},"end":{"line":36,"column":43}},"loc":{"start":{"line":36,"column":65},"end":{"line":45,"column":17}},"line":36},"3":{"name":"(anonymous_3)","decl":{"start":{"line":48,"column":70},"end":{"line":48,"column":71}},"loc":{"start":{"line":48,"column":96},"end":{"line":52,"column":13}},"line":48},"4":{"name":"(anonymous_4)","decl":{"start":{"line":73,"column":42},"end":{"line":73,"column":43}},"loc":{"start":{"line":73,"column":65},"end":{"line":90,"column":17}},"line":73},"5":{"name":"(anonymous_5)","decl":{"start":{"line":98,"column":63},"end":{"line":98,"column":64}},"loc":{"start":{"line":98,"column":71},"end":{"line":98,"column":113}},"line":98},"6":{"name":"(anonymous_6)","decl":{"start":{"line":101,"column":75},"end":{"line":101,"column":76}},"loc":{"start":{"line":101,"column":100},"end":{"line":105,"column":13}},"line":101},"7":{"name":"(anonymous_7)","decl":{"start":{"line":119,"column":19},"end":{"line":119,"column":20}},"loc":{"start":{"line":119,"column":45},"end":{"line":130,"column":1}},"line":119},"8":{"name":"(anonymous_8)","decl":{"start":{"line":133,"column":40},"end":{"line":133,"column":41}},"loc":{"start":{"line":133,"column":60},"end":{"line":148,"column":1}},"line":133},"9":{"name":"(anonymous_9)","decl":{"start":{"line":151,"column":19},"end":{"line":151,"column":20}},"loc":{"start":{"line":151,"column":45},"end":{"line":198,"column":1}},"line":151},"10":{"name":"(anonymous_10)","decl":{"start":{"line":160,"column":38},"end":{"line":160,"column":39}},"loc":{"start":{"line":160,"column":61},"end":{"line":170,"column":13}},"line":160},"11":{"name":"(anonymous_11)","decl":{"start":{"line":179,"column":59},"end":{"line":179,"column":60}},"loc":{"start":{"line":179,"column":67},"end":{"line":179,"column":109}},"line":179},"12":{"name":"(anonymous_12)","decl":{"start":{"line":183,"column":71},"end":{"line":183,"column":72}},"loc":{"start":{"line":183,"column":96},"end":{"line":187,"column":9}},"line":183}},"branchMap":{"0":{"loc":{"start":{"line":17,"column":8},"end":{"line":21,"column":9}},"type":"if","locations":[{"start":{"line":17,"column":8},"end":{"line":21,"column":9}},{"start":{"line":19,"column":15},"end":{"line":21,"column":9}}],"line":17},"1":{"loc":{"start":{"line":34,"column":8},"end":{"line":112,"column":9}},"type":"if","locations":[{"start":{"line":34,"column":8},"end":{"line":112,"column":9}},{"start":{"line":71,"column":15},"end":{"line":112,"column":9}}],"line":34},"2":{"loc":{"start":{"line":66,"column":12},"end":{"line":68,"column":13}},"type":"if","locations":[{"start":{"line":66,"column":12},"end":{"line":68,"column":13}},{"start":{},"end":{}}],"line":66},"3":{"loc":{"start":{"line":76,"column":20},"end":{"line":89,"column":21}},"type":"if","locations":[{"start":{"line":76,"column":20},"end":{"line":89,"column":21}},{"start":{"line":85,"column":27},"end":{"line":89,"column":21}}],"line":76},"4":{"loc":{"start":{"line":94,"column":12},"end":{"line":96,"column":13}},"type":"if","locations":[{"start":{"line":94,"column":12},"end":{"line":96,"column":13}},{"start":{},"end":{}}],"line":94},"5":{"loc":{"start":{"line":122,"column":8},"end":{"line":126,"column":9}},"type":"if","locations":[{"start":{"line":122,"column":8},"end":{"line":126,"column":9}},{"start":{"line":124,"column":15},"end":{"line":126,"column":9}}],"line":122},"6":{"loc":{"start":{"line":140,"column":8},"end":{"line":144,"column":9}},"type":"if","locations":[{"start":{"line":140,"column":8},"end":{"line":144,"column":9}},{"start":{"line":142,"column":15},"end":{"line":144,"column":9}}],"line":140},"7":{"loc":{"start":{"line":155,"column":8},"end":{"line":157,"column":9}},"type":"if","locations":[{"start":{"line":155,"column":8},"end":{"line":157,"column":9}},{"start":{},"end":{}}],"line":155},"8":{"loc":{"start":{"line":163,"column":16},"end":{"line":169,"column":17}},"type":"if","locations":[{"start":{"line":163,"column":16},"end":{"line":169,"column":17}},{"start":{"line":165,"column":23},"end":{"line":169,"column":17}}],"line":163},"9":{"loc":{"start":{"line":174,"column":8},"end":{"line":176,"column":9}},"type":"if","locations":[{"start":{"line":174,"column":8},"end":{"line":176,"column":9}},{"start":{},"end":{}}],"line":174}},"s":{"0":1,"1":1,"2":1,"3":1,"4":1,"5":1,"6":1,"7":1,"8":0,"9":0,"10":0,"11":0,"12":0,"13":0,"14":1,"15":0,"16":0,"17":0,"18":0,"19":0,"20":0,"21":0,"22":0,"23":0,"24":0,"25":0,"26":0,"27":0,"28":0,"29":0,"30":0,"31":0,"32":0,"33":0,"34":0,"35":0,"36":0,"37":0,"38":0,"39":0,"40":0,"41":0,"42":0,"43":0,"44":0,"45":0,"46":0,"47":0,"48":0,"49":0,"50":0,"51":0,"52":0,"53":0,"54":0,"55":1,"56":0,"57":0,"58":0,"59":0,"60":0,"61":0,"62":1,"63":0,"64":0,"65":0,"66":0,"67":0,"68":0,"69":1,"70":0,"71":0,"72":0,"73":0,"74":0,"75":0,"76":0,"77":0,"78":0,"79":0,"80":0,"81":0,"82":0,"83":0,"84":0,"85":0,"86":0,"87":0,"88":0,"89":0,"90":0,"91":0,"92":0,"93":0,"94":0,"95":1},"f":{"0":0,"1":0,"2":0,"3":0,"4":0,"5":0,"6":0,"7":0,"8":0,"9":0,"10":0,"11":0,"12":0},"b":{"0":[0,0],"1":[0,0],"2":[0,0],"3":[0,0],"4":[0,0],"5":[0,0],"6":[0,0],"7":[0,0],"8":[0,0],"9":[0,0]},"_coverageSchema":"1a1c01bbd47fc00a2c39e90264f33305004495a9","hash":"555dd191fcf47209917af6e70b0c2a686c658d90"}
,"C:\\Users\\mahmo\\Downloads\\sec 1 nodejs (3)\\sec 1 nodejs (2)\\sec 1 nodejs\\sec 1 nodejs\\routes\\roomRoutes.js": {"path":"C:\\Users\\mahmo\\Downloads\\sec 1 nodejs (3)\\sec 1 nodejs (2)\\sec 1 nodejs\\sec 1 nodejs\\routes\\roomRoutes.js","statementMap":{"0":{"start":{"line":1,"column":16},"end":{"line":1,"column":34}},"1":{"start":{"line":2,"column":15},"end":{"line":2,"column":31}},"2":{"start":{"line":3,"column":12},"end":{"line":3,"column":38}},"3":{"start":{"line":6,"column":0},"end":{"line":16,"column":3}},"4":{"start":{"line":7,"column":3},"end":{"line":14,"column":3}},"5":{"start":{"line":8,"column":17},"end":{"line":8,"column":41}},"6":{"start":{"line":9,"column":3},"end":{"line":11,"column":6}},"7":{"start":{"line":10,"column":4},"end":{"line":10,"column":78}},"8":{"start":{"line":13,"column":4},"end":{"line":13,"column":14}},"9":{"start":{"line":18,"column":0},"end":{"line":34,"column":3}},"10":{"start":{"line":19,"column":4},"end":{"line":33,"column":7}},"11":{"start":{"line":20,"column":21},"end":{"line":24,"column":9}},"12":{"start":{"line":26,"column":8},"end":{"line":30,"column":35}},"13":{"start":{"line":27,"column":12},"end":{"line":27,"column":65}},"14":{"start":{"line":30,"column":8},"end":{"line":30,"column":35}},"15":{"start":{"line":32,"column":8},"end":{"line":32,"column":18}},"16":{"start":{"line":37,"column":0},"end":{"line":51,"column":3}},"17":{"start":{"line":38,"column":19},"end":{"line":38,"column":32}},"18":{"start":{"line":40,"column":3},"end":{"line":49,"column":3}},"19":{"start":{"line":41,"column":22},"end":{"line":41,"column":66}},"20":{"start":{"line":42,"column":9},"end":{"line":46,"column":23}},"21":{"start":{"line":43,"column":12},"end":{"line":43,"column":65}},"22":{"start":{"line":46,"column":8},"end":{"line":46,"column":23}},"23":{"start":{"line":48,"column":4},"end":{"line":48,"column":14}},"24":{"start":{"line":53,"column":0},"end":{"line":64,"column":2}},"25":{"start":{"line":54,"column":2},"end":{"line":63,"column":3}},"26":{"start":{"line":55,"column":19},"end":{"line":55,"column":37}},"27":{"start":{"line":56,"column":4},"end":{"line":59,"column":26}},"28":{"start":{"line":57,"column":6},"end":{"line":57,"column":43}},"29":{"start":{"line":59,"column":7},"end":{"line":59,"column":26}},"30":{"start":{"line":62,"column":4},"end":{"line":62,"column":14}},"31":{"start":{"line":65,"column":0},"end":{"line":75,"column":2}},"32":{"start":{"line":66,"column":4},"end":{"line":74,"column":7}},"33":{"start":{"line":67,"column":15},"end":{"line":67,"column":50}},"34":{"start":{"line":68,"column":4},"end":{"line":71,"column":43}},"35":{"start":{"line":69,"column":8},"end":{"line":69,"column":46}},"36":{"start":{"line":71,"column":9},"end":{"line":71,"column":43}},"37":{"start":{"line":73,"column":8},"end":{"line":73,"column":18}},"38":{"start":{"line":76,"column":0},"end":{"line":87,"column":3}},"39":{"start":{"line":77,"column":2},"end":{"line":86,"column":3}},"40":{"start":{"line":78,"column":17},"end":{"line":78,"column":63}},"41":{"start":{"line":80,"column":4},"end":{"line":82,"column":5}},"42":{"start":{"line":81,"column":7},"end":{"line":81,"column":75}},"43":{"start":{"line":83,"column":5},"end":{"line":83,"column":36}},"44":{"start":{"line":85,"column":4},"end":{"line":85,"column":14}},"45":{"start":{"line":89,"column":0},"end":{"line":89,"column":24}}},"fnMap":{"0":{"name":"(anonymous_0)","decl":{"start":{"line":6,"column":16},"end":{"line":6,"column":17}},"loc":{"start":{"line":6,"column":41},"end":{"line":16,"column":1}},"line":6},"1":{"name":"(anonymous_1)","decl":{"start":{"line":9,"column":26},"end":{"line":9,"column":27}},"loc":{"start":{"line":9,"column":30},"end":{"line":11,"column":4}},"line":9},"2":{"name":"(anonymous_2)","decl":{"start":{"line":18,"column":30},"end":{"line":18,"column":31}},"loc":{"start":{"line":18,"column":55},"end":{"line":34,"column":1}},"line":18},"3":{"name":"(anonymous_3)","decl":{"start":{"line":37,"column":33},"end":{"line":37,"column":34}},"loc":{"start":{"line":37,"column":57},"end":{"line":51,"column":1}},"line":37},"4":{"name":"(anonymous_4)","decl":{"start":{"line":53,"column":15},"end":{"line":53,"column":16}},"loc":{"start":{"line":53,"column":36},"end":{"line":64,"column":1}},"line":53},"5":{"name":"(anonymous_5)","decl":{"start":{"line":65,"column":18},"end":{"line":65,"column":19}},"loc":{"start":{"line":65,"column":39},"end":{"line":75,"column":1}},"line":65},"6":{"name":"(anonymous_6)","decl":{"start":{"line":76,"column":26},"end":{"line":76,"column":27}},"loc":{"start":{"line":76,"column":52},"end":{"line":87,"column":1}},"line":76}},"branchMap":{"0":{"loc":{"start":{"line":26,"column":8},"end":{"line":30,"column":35}},"type":"if","locations":[{"start":{"line":26,"column":8},"end":{"line":30,"column":35}},{"start":{"line":30,"column":8},"end":{"line":30,"column":35}}],"line":26},"1":{"loc":{"start":{"line":42,"column":9},"end":{"line":46,"column":23}},"type":"if","locations":[{"start":{"line":42,"column":9},"end":{"line":46,"column":23}},{"start":{"line":46,"column":8},"end":{"line":46,"column":23}}],"line":42},"2":{"loc":{"start":{"line":56,"column":4},"end":{"line":59,"column":26}},"type":"if","locations":[{"start":{"line":56,"column":4},"end":{"line":59,"column":26}},{"start":{"line":59,"column":7},"end":{"line":59,"column":26}}],"line":56},"3":{"loc":{"start":{"line":68,"column":4},"end":{"line":71,"column":43}},"type":"if","locations":[{"start":{"line":68,"column":4},"end":{"line":71,"column":43}},{"start":{"line":71,"column":9},"end":{"line":71,"column":43}}],"line":68},"4":{"loc":{"start":{"line":80,"column":4},"end":{"line":82,"column":5}},"type":"if","locations":[{"start":{"line":80,"column":4},"end":{"line":82,"column":5}},{"start":{},"end":{}}],"line":80}},"s":{"0":1,"1":1,"2":1,"3":1,"4":1,"5":1,"6":1,"7":1,"8":0,"9":1,"10":1,"11":1,"12":1,"13":0,"14":1,"15":0,"16":1,"17":1,"18":1,"19":1,"20":1,"21":0,"22":1,"23":0,"24":1,"25":1,"26":1,"27":1,"28":0,"29":1,"30":0,"31":1,"32":1,"33":1,"34":1,"35":0,"36":1,"37":0,"38":1,"39":1,"40":1,"41":1,"42":0,"43":1,"44":0,"45":1},"f":{"0":1,"1":1,"2":1,"3":1,"4":1,"5":1,"6":1},"b":{"0":[0,1],"1":[0,1],"2":[0,1],"3":[0,1],"4":[0,1]},"_coverageSchema":"1a1c01bbd47fc00a2c39e90264f33305004495a9","hash":"e374a63c5e35b35ab8d9ed1833f72f0cfdc96bdf"}
,"C:\\Users\\mahmo\\Downloads\\sec 1 nodejs (3)\\sec 1 nodejs (2)\\sec 1 nodejs\\sec 1 nodejs\\routes\\userRoutes.js": {"path":"C:\\Users\\mahmo\\Downloads\\sec 1 nodejs (3)\\sec 1 nodejs (2)\\sec 1 nodejs\\sec 1 nodejs\\routes\\userRoutes.js","statementMap":{"0":{"start":{"line":1,"column":14},"end":{"line":1,"column":32}},"1":{"start":{"line":2,"column":11},"end":{"line":2,"column":37}},"2":{"start":{"line":3,"column":13},"end":{"line":3,"column":29}},"3":{"start":{"line":4,"column":13},"end":{"line":4,"column":32}},"4":{"start":{"line":6,"column":0},"end":{"line":16,"column":3}},"5":{"start":{"line":7,"column":4},"end":{"line":15,"column":7}},"6":{"start":{"line":8,"column":19},"end":{"line":8,"column":68}},"7":{"start":{"line":9,"column":4},"end":{"line":12,"column":28}},"8":{"start":{"line":10,"column":8},"end":{"line":10,"column":45}},"9":{"start":{"line":12,"column":9},"end":{"line":12,"column":28}},"10":{"start":{"line":14,"column":8},"end":{"line":14,"column":18}},"11":{"start":{"line":17,"column":0},"end":{"line":30,"column":3}},"12":{"start":{"line":18,"column":4},"end":{"line":29,"column":7}},"13":{"start":{"line":19,"column":13},"end":{"line":22,"column":6}},"14":{"start":{"line":23,"column":4},"end":{"line":23,"column":27}},"15":{"start":{"line":24,"column":4},"end":{"line":24,"column":60}},"16":{"start":{"line":24,"column":13},"end":{"line":24,"column":60}},"17":{"start":{"line":26,"column":4},"end":{"line":26,"column":19}},"18":{"start":{"line":28,"column":8},"end":{"line":28,"column":18}},"19":{"start":{"line":31,"column":0},"end":{"line":47,"column":5}},"20":{"start":{"line":32,"column":4},"end":{"line":46,"column":5}},"21":{"start":{"line":33,"column":17},"end":{"line":36,"column":8}},"22":{"start":{"line":38,"column":6},"end":{"line":38,"column":31}},"23":{"start":{"line":40,"column":6},"end":{"line":40,"column":71}},"24":{"start":{"line":40,"column":17},"end":{"line":40,"column":71}},"25":{"start":{"line":42,"column":6},"end":{"line":42,"column":21}},"26":{"start":{"line":45,"column":6},"end":{"line":45,"column":16}},"27":{"start":{"line":50,"column":0},"end":{"line":60,"column":2}},"28":{"start":{"line":51,"column":4},"end":{"line":59,"column":7}},"29":{"start":{"line":52,"column":15},"end":{"line":52,"column":84}},"30":{"start":{"line":53,"column":4},"end":{"line":56,"column":24}},"31":{"start":{"line":54,"column":8},"end":{"line":54,"column":46}},"32":{"start":{"line":56,"column":9},"end":{"line":56,"column":24}},"33":{"start":{"line":58,"column":8},"end":{"line":58,"column":18}},"34":{"start":{"line":62,"column":0},"end":{"line":83,"column":2}},"35":{"start":{"line":63,"column":4},"end":{"line":82,"column":7}},"36":{"start":{"line":64,"column":17},"end":{"line":64,"column":60}},"37":{"start":{"line":65,"column":4},"end":{"line":79,"column":5}},"38":{"start":{"line":66,"column":8},"end":{"line":66,"column":54}},"39":{"start":{"line":69,"column":8},"end":{"line":78,"column":52}},"40":{"start":{"line":72,"column":12},"end":{"line":75,"column":15}},"41":{"start":{"line":78,"column":4},"end":{"line":78,"column":52}},"42":{"start":{"line":81,"column":8},"end":{"line":81,"column":18}},"43":{"start":{"line":85,"column":0},"end":{"line":92,"column":5}},"44":{"start":{"line":86,"column":4},"end":{"line":91,"column":5}},"45":{"start":{"line":87,"column":24},"end":{"line":87,"column":51}},"46":{"start":{"line":88,"column":6},"end":{"line":88,"column":42}},"47":{"start":{"line":90,"column":6},"end":{"line":90,"column":16}},"48":{"start":{"line":96,"column":0},"end":{"line":120,"column":2}},"49":{"start":{"line":97,"column":4},"end":{"line":119,"column":7}},"50":{"start":{"line":98,"column":4},"end":{"line":116,"column":6}},"51":{"start":{"line":99,"column":8},"end":{"line":110,"column":9}},"52":{"start":{"line":101,"column":12},"end":{"line":103,"column":14}},"53":{"start":{"line":106,"column":12},"end":{"line":109,"column":14}},"54":{"start":{"line":112,"column":8},"end":{"line":115,"column":10}},"55":{"start":{"line":118,"column":8},"end":{"line":118,"column":18}},"56":{"start":{"line":121,"column":0},"end":{"line":131,"column":2}},"57":{"start":{"line":122,"column":2},"end":{"line":130,"column":5}},"58":{"start":{"line":123,"column":13},"end":{"line":123,"column":55}},"59":{"start":{"line":124,"column":2},"end":{"line":127,"column":41}},"60":{"start":{"line":125,"column":6},"end":{"line":125,"column":44}},"61":{"start":{"line":127,"column":7},"end":{"line":127,"column":41}},"62":{"start":{"line":129,"column":6},"end":{"line":129,"column":16}},"63":{"start":{"line":133,"column":0},"end":{"line":133,"column":21}}},"fnMap":{"0":{"name":"(anonymous_0)","decl":{"start":{"line":6,"column":15},"end":{"line":6,"column":16}},"loc":{"start":{"line":6,"column":37},"end":{"line":16,"column":1}},"line":6},"1":{"name":"(anonymous_1)","decl":{"start":{"line":17,"column":16},"end":{"line":17,"column":17}},"loc":{"start":{"line":17,"column":38},"end":{"line":30,"column":1}},"line":17},"2":{"name":"(anonymous_2)","decl":{"start":{"line":31,"column":25},"end":{"line":31,"column":26}},"loc":{"start":{"line":31,"column":51},"end":{"line":47,"column":3}},"line":31},"3":{"name":"(anonymous_3)","decl":{"start":{"line":50,"column":18},"end":{"line":50,"column":19}},"loc":{"start":{"line":50,"column":39},"end":{"line":60,"column":1}},"line":50},"4":{"name":"(anonymous_4)","decl":{"start":{"line":62,"column":21},"end":{"line":62,"column":22}},"loc":{"start":{"line":62,"column":43},"end":{"line":83,"column":1}},"line":62},"5":{"name":"(anonymous_5)","decl":{"start":{"line":85,"column":25},"end":{"line":85,"column":26}},"loc":{"start":{"line":85,"column":51},"end":{"line":92,"column":3}},"line":85},"6":{"name":"(anonymous_6)","decl":{"start":{"line":96,"column":21},"end":{"line":96,"column":22}},"loc":{"start":{"line":96,"column":37},"end":{"line":120,"column":1}},"line":96},"7":{"name":"(anonymous_7)","decl":{"start":{"line":98,"column":47},"end":{"line":98,"column":48}},"loc":{"start":{"line":98,"column":53},"end":{"line":111,"column":5}},"line":98},"8":{"name":"(anonymous_8)","decl":{"start":{"line":111,"column":13},"end":{"line":111,"column":14}},"loc":{"start":{"line":111,"column":18},"end":{"line":116,"column":5}},"line":111},"9":{"name":"(anonymous_9)","decl":{"start":{"line":121,"column":25},"end":{"line":121,"column":26}},"loc":{"start":{"line":121,"column":46},"end":{"line":131,"column":1}},"line":121}},"branchMap":{"0":{"loc":{"start":{"line":9,"column":4},"end":{"line":12,"column":28}},"type":"if","locations":[{"start":{"line":9,"column":4},"end":{"line":12,"column":28}},{"start":{"line":12,"column":9},"end":{"line":12,"column":28}}],"line":9},"1":{"loc":{"start":{"line":24,"column":4},"end":{"line":24,"column":60}},"type":"if","locations":[{"start":{"line":24,"column":4},"end":{"line":24,"column":60}},{"start":{},"end":{}}],"line":24},"2":{"loc":{"start":{"line":40,"column":6},"end":{"line":40,"column":71}},"type":"if","locations":[{"start":{"line":40,"column":6},"end":{"line":40,"column":71}},{"start":{},"end":{}}],"line":40},"3":{"loc":{"start":{"line":53,"column":4},"end":{"line":56,"column":24}},"type":"if","locations":[{"start":{"line":53,"column":4},"end":{"line":56,"column":24}},{"start":{"line":56,"column":9},"end":{"line":56,"column":24}}],"line":53},"4":{"loc":{"start":{"line":65,"column":4},"end":{"line":79,"column":5}},"type":"if","locations":[{"start":{"line":65,"column":4},"end":{"line":79,"column":5}},{"start":{"line":68,"column":8},"end":{"line":79,"column":5}}],"line":65},"5":{"loc":{"start":{"line":69,"column":8},"end":{"line":78,"column":52}},"type":"if","locations":[{"start":{"line":69,"column":8},"end":{"line":78,"column":52}},{"start":{"line":78,"column":4},"end":{"line":78,"column":52}}],"line":69},"6":{"loc":{"start":{"line":69,"column":11},"end":{"line":69,"column":73}},"type":"binary-expr","locations":[{"start":{"line":69,"column":11},"end":{"line":69,"column":15}},{"start":{"line":69,"column":17},"end":{"line":69,"column":73}}],"line":69},"7":{"loc":{"start":{"line":99,"column":8},"end":{"line":110,"column":9}},"type":"if","locations":[{"start":{"line":99,"column":8},"end":{"line":110,"column":9}},{"start":{"line":105,"column":13},"end":{"line":110,"column":9}}],"line":99},"8":{"loc":{"start":{"line":124,"column":2},"end":{"line":127,"column":41}},"type":"if","locations":[{"start":{"line":124,"column":2},"end":{"line":127,"column":41}},{"start":{"line":127,"column":7},"end":{"line":127,"column":41}}],"line":124}},"s":{"0":1,"1":1,"2":1,"3":1,"4":1,"5":0,"6":0,"7":0,"8":0,"9":0,"10":0,"11":1,"12":0,"13":0,"14":0,"15":0,"16":0,"17":0,"18":0,"19":1,"20":0,"21":0,"22":0,"23":0,"24":0,"25":0,"26":0,"27":1,"28":0,"29":0,"30":0,"31":0,"32":0,"33":0,"34":1,"35":0,"36":0,"37":0,"38":0,"39":0,"40":0,"41":0,"42":0,"43":1,"44":0,"45":0,"46":0,"47":0,"48":1,"49":0,"50":0,"51":0,"52":0,"53":0,"54":0,"55":0,"56":1,"57":0,"58":0,"59":0,"60":0,"61":0,"62":0,"63":1},"f":{"0":0,"1":0,"2":0,"3":0,"4":0,"5":0,"6":0,"7":0,"8":0,"9":0},"b":{"0":[0,0],"1":[0,0],"2":[0,0],"3":[0,0],"4":[0,0],"5":[0,0],"6":[0,0],"7":[0,0],"8":[0,0]},"_coverageSchema":"1a1c01bbd47fc00a2c39e90264f33305004495a9","hash":"43900fde9606d5ca7fa7620cf5921a7654692e60"}
,"C:\\Users\\mahmo\\Downloads\\sec 1 nodejs (3)\\sec 1 nodejs (2)\\sec 1 nodejs\\sec 1 nodejs\\util\\error-handler.js": {"path":"C:\\Users\\mahmo\\Downloads\\sec 1 nodejs (3)\\sec 1 nodejs (2)\\sec 1 nodejs\\sec 1 nodejs\\util\\error-handler.js","statementMap":{"0":{"start":{"line":2,"column":4},"end":{"line":9,"column":5}},"1":{"start":{"line":3,"column":8},"end":{"line":6,"column":11}},"2":{"start":{"line":8,"column":8},"end":{"line":8,"column":15}},"3":{"start":{"line":11,"column":0},"end":{"line":11,"column":29}}},"fnMap":{"0":{"name":"errorHandler","decl":{"start":{"line":1,"column":9},"end":{"line":1,"column":21}},"loc":{"start":{"line":1,"column":39},"end":{"line":10,"column":1}},"line":1}},"branchMap":{"0":{"loc":{"start":{"line":2,"column":4},"end":{"line":9,"column":5}},"type":"if","locations":[{"start":{"line":2,"column":4},"end":{"line":9,"column":5}},{"start":{"line":7,"column":11},"end":{"line":9,"column":5}}],"line":2},"1":{"loc":{"start":{"line":4,"column":21},"end":{"line":4,"column":67}},"type":"binary-expr","locations":[{"start":{"line":4,"column":21},"end":{"line":4,"column":32}},{"start":{"line":4,"column":36},"end":{"line":4,"column":67}}],"line":4}},"s":{"0":0,"1":0,"2":0,"3":1},"f":{"0":0},"b":{"0":[0,0],"1":[0,0]},"_coverageSchema":"1a1c01bbd47fc00a2c39e90264f33305004495a9","hash":"d514211104f8a3c29d8191754a5ce260368f7b5b"}
,"C:\\Users\\mahmo\\Downloads\\sec 1 nodejs (3)\\sec 1 nodejs (2)\\sec 1 nodejs\\sec 1 nodejs\\util\\multibly.js": {"path":"C:\\Users\\mahmo\\Downloads\\sec 1 nodejs (3)\\sec 1 nodejs (2)\\sec 1 nodejs\\sec 1 nodejs\\util\\multibly.js","statementMap":{"0":{"start":{"line":3,"column":4},"end":{"line":3,"column":27}},"1":{"start":{"line":5,"column":0},"end":{"line":5,"column":26}}},"fnMap":{"0":{"name":"multibly","decl":{"start":{"line":1,"column":9},"end":{"line":1,"column":17}},"loc":{"start":{"line":1,"column":35},"end":{"line":4,"column":1}},"line":1}},"branchMap":{},"s":{"0":0,"1":1},"f":{"0":0},"b":{},"_coverageSchema":"1a1c01bbd47fc00a2c39e90264f33305004495a9","hash":"509803e90547ccf4e98c7fb84cf769faa429c144"}
,"C:\\Users\\mahmo\\Downloads\\sec 1 nodejs (3)\\sec 1 nodejs (2)\\sec 1 nodejs\\sec 1 nodejs\\util\\sum.js": {"path":"C:\\Users\\mahmo\\Downloads\\sec 1 nodejs (3)\\sec 1 nodejs (2)\\sec 1 nodejs\\sec 1 nodejs\\util\\sum.js","statementMap":{"0":{"start":{"line":2,"column":4},"end":{"line":4,"column":5}},"1":{"start":{"line":3,"column":8},"end":{"line":3,"column":50}},"2":{"start":{"line":5,"column":4},"end":{"line":5,"column":54}},"3":{"start":{"line":5,"column":40},"end":{"line":5,"column":49}},"4":{"start":{"line":7,"column":0},"end":{"line":7,"column":21}}},"fnMap":{"0":{"name":"sum","decl":{"start":{"line":1,"column":9},"end":{"line":1,"column":12}},"loc":{"start":{"line":1,"column":22},"end":{"line":6,"column":1}},"line":1},"1":{"name":"(anonymous_1)","decl":{"start":{"line":5,"column":26},"end":{"line":5,"column":27}},"loc":{"start":{"line":5,"column":40},"end":{"line":5,"column":49}},"line":5}},"branchMap":{"0":{"loc":{"start":{"line":2,"column":4},"end":{"line":4,"column":5}},"type":"if","locations":[{"start":{"line":2,"column":4},"end":{"line":4,"column":5}},{"start":{},"end":{}}],"line":2}},"s":{"0":0,"1":0,"2":0,"3":0,"4":1},"f":{"0":0,"1":0},"b":{"0":[0,0]},"_coverageSchema":"1a1c01bbd47fc00a2c39e90264f33305004495a9","hash":"97579145fa13a314d0754fd016d77ab5aea45741"}
}
