TN:
SF:app.js
FN:54,(anonymous_0)
FN:79,(anonymous_1)
FNF:2
FNH:2
FNDA:99,(anonymous_0)
FNDA:1,(anonymous_1)
DA:1,7
DA:2,7
DA:3,7
DA:4,7
DA:5,7
DA:6,7
DA:7,7
DA:8,7
DA:9,7
DA:10,7
DA:11,7
DA:14,7
DA:23,7
DA:38,7
DA:40,7
DA:43,7
DA:49,7
DA:50,7
DA:51,7
DA:54,7
DA:55,99
DA:79,7
DA:80,1
DA:83,7
LF:24
LH:24
BRF:0
BRH:0
end_of_record
TN:
SF:models\Rooms.js
FNF:0
FNH:0
DA:1,7
DA:2,7
DA:3,7
DA:4,7
DA:32,7
LF:5
LH:5
BRF:0
BRH:0
end_of_record
TN:
SF:models\booking-Room.js
FNF:0
FNH:0
DA:1,7
DA:3,7
DA:24,7
LF:3
LH:3
BRF:0
BRH:0
end_of_record
TN:
SF:models\booking.js
FNF:0
FNH:0
DA:1,7
DA:3,7
DA:32,7
LF:3
LH:3
BRF:0
BRH:0
end_of_record
TN:
SF:models\users.js
FNF:0
FNH:0
DA:1,7
DA:3,7
DA:31,7
LF:3
LH:3
BRF:0
BRH:0
end_of_record
TN:
SF:routes\bookingRoutes.js
FN:10,(anonymous_0)
FN:26,(anonymous_1)
FN:34,(anonymous_2)
FN:46,(anonymous_3)
FN:71,(anonymous_4)
FN:96,(anonymous_5)
FN:99,(anonymous_6)
FN:115,(anonymous_7)
FN:127,(anonymous_8)
FN:143,(anonymous_9)
FN:152,(anonymous_10)
FN:171,(anonymous_11)
FN:175,(anonymous_12)
FNF:13
FNH:3
FNDA:0,(anonymous_0)
FNDA:1,(anonymous_1)
FNDA:1,(anonymous_2)
FNDA:1,(anonymous_3)
FNDA:0,(anonymous_4)
FNDA:0,(anonymous_5)
FNDA:0,(anonymous_6)
FNDA:0,(anonymous_7)
FNDA:0,(anonymous_8)
FNDA:0,(anonymous_9)
FNDA:0,(anonymous_10)
FNDA:0,(anonymous_11)
FNDA:0,(anonymous_12)
DA:1,7
DA:2,7
DA:3,7
DA:4,7
DA:5,7
DA:6,7
DA:7,7
DA:10,7
DA:12,0
DA:17,0
DA:18,0
DA:20,0
DA:26,7
DA:28,1
DA:32,1
DA:33,1
DA:35,1
DA:41,1
DA:42,1
DA:46,1
DA:47,1
DA:48,1
DA:49,1
DA:52,1
DA:54,1
DA:62,1
DA:64,1
DA:65,0
DA:68,1
DA:70,0
DA:72,0
DA:74,0
DA:75,0
DA:81,0
DA:82,0
DA:84,0
DA:85,0
DA:86,0
DA:92,0
DA:93,0
DA:96,0
DA:97,0
DA:99,0
DA:100,0
DA:101,0
DA:102,0
DA:105,0
DA:106,0
DA:108,0
DA:109,0
DA:115,7
DA:117,0
DA:118,0
DA:119,0
DA:121,0
DA:127,7
DA:129,0
DA:134,0
DA:135,0
DA:137,0
DA:143,7
DA:145,0
DA:147,0
DA:148,0
DA:151,0
DA:153,0
DA:155,0
DA:156,0
DA:158,0
DA:159,0
DA:160,0
DA:166,0
DA:167,0
DA:171,0
DA:172,0
DA:175,0
DA:176,0
DA:177,0
DA:178,0
DA:181,0
DA:182,0
DA:184,0
DA:185,0
DA:189,7
LF:84
LH:28
BRDA:17,0,0,0
BRDA:17,0,1,0
BRDA:32,1,0,1
BRDA:32,1,1,0
BRDA:64,2,0,0
BRDA:64,2,1,1
BRDA:74,3,0,0
BRDA:74,3,1,0
BRDA:92,4,0,0
BRDA:92,4,1,0
BRDA:118,5,0,0
BRDA:118,5,1,0
BRDA:134,6,0,0
BRDA:134,6,1,0
BRDA:147,7,0,0
BRDA:147,7,1,0
BRDA:155,8,0,0
BRDA:155,8,1,0
BRDA:166,9,0,0
BRDA:166,9,1,0
BRF:20
BRH:2
end_of_record
TN:
SF:routes\roomRoutes.js
FN:6,(anonymous_0)
FN:8,(anonymous_1)
FN:16,(anonymous_2)
FN:33,(anonymous_3)
FN:45,(anonymous_4)
FN:64,(anonymous_5)
FN:81,(anonymous_6)
FNF:7
FNH:7
FNDA:2,(anonymous_0)
FNDA:2,(anonymous_1)
FNDA:2,(anonymous_2)
FNDA:2,(anonymous_3)
FNDA:3,(anonymous_4)
FNDA:2,(anonymous_5)
FNDA:2,(anonymous_6)
DA:1,7
DA:2,7
DA:3,7
DA:6,7
DA:7,2
DA:8,2
DA:9,2
DA:16,7
DA:18,2
DA:24,2
DA:25,1
DA:28,1
DA:33,7
DA:34,2
DA:35,2
DA:36,2
DA:37,1
DA:40,1
DA:45,7
DA:46,3
DA:47,3
DA:48,2
DA:51,1
DA:64,7
DA:65,2
DA:66,2
DA:67,2
DA:70,0
DA:81,7
DA:83,2
DA:84,2
DA:85,2
DA:88,0
DA:101,7
LF:34
LH:32
BRDA:24,0,0,1
BRDA:24,0,1,1
BRDA:36,1,0,1
BRDA:36,1,1,1
BRF:4
BRH:4
end_of_record
TN:
SF:routes\userRoutes.js
FN:6,(anonymous_0)
FN:15,(anonymous_1)
FN:30,(anonymous_2)
FN:49,(anonymous_3)
FN:62,(anonymous_4)
FN:85,(anonymous_5)
FN:96,(anonymous_6)
FN:98,(anonymous_7)
FN:111,(anonymous_8)
FN:122,(anonymous_9)
FNF:10
FNH:8
FNDA:3,(anonymous_0)
FNDA:0,(anonymous_1)
FNDA:4,(anonymous_2)
FNDA:2,(anonymous_3)
FNDA:3,(anonymous_4)
FNDA:1,(anonymous_5)
FNDA:2,(anonymous_6)
FNDA:2,(anonymous_7)
FNDA:0,(anonymous_8)
FNDA:2,(anonymous_9)
DA:1,7
DA:2,7
DA:3,7
DA:4,7
DA:6,7
DA:7,3
DA:8,2
DA:9,0
DA:11,2
DA:15,7
DA:16,0
DA:17,0
DA:21,0
DA:22,0
DA:24,0
DA:27,0
DA:30,7
DA:31,4
DA:32,4
DA:37,3
DA:39,1
DA:41,1
DA:44,1
DA:49,7
DA:50,2
DA:51,2
DA:52,2
DA:53,1
DA:55,1
DA:58,0
DA:62,7
DA:63,3
DA:64,3
DA:65,3
DA:66,1
DA:69,2
DA:71,1
DA:77,1
DA:81,0
DA:85,7
DA:86,1
DA:87,1
DA:88,1
DA:90,0
DA:96,7
DA:97,2
DA:98,2
DA:99,2
DA:100,1
DA:106,1
DA:112,0
DA:119,0
DA:122,7
DA:123,2
DA:124,2
DA:125,2
DA:126,1
DA:128,1
DA:131,0
DA:135,7
LF:60
LH:47
BRDA:8,0,0,0
BRDA:8,0,1,2
BRDA:22,1,0,0
BRDA:22,1,1,0
BRDA:39,2,0,0
BRDA:39,2,1,1
BRDA:52,3,0,1
BRDA:52,3,1,1
BRDA:65,4,0,1
BRDA:65,4,1,2
BRDA:69,5,0,1
BRDA:69,5,1,1
BRDA:69,6,0,2
BRDA:69,6,1,2
BRDA:99,7,0,1
BRDA:99,7,1,1
BRDA:125,8,0,1
BRDA:125,8,1,1
BRF:18
BRH:14
end_of_record
TN:
SF:util\multibly.js
FN:1,multibly
FNF:1
FNH:1
FNDA:1,multibly
DA:2,1
DA:4,7
LF:2
LH:2
BRF:0
BRH:0
end_of_record
TN:
SF:util\sum.js
FN:1,sum
FN:2,(anonymous_1)
FNF:2
FNH:2
FNDA:1,sum
FNDA:1,(anonymous_1)
DA:2,1
DA:4,7
LF:2
LH:2
BRF:0
BRH:0
end_of_record
